<?xml version="1.0" encoding="UTF-8"?>
<!-- Generated by org.testng.reporters.JUnitReportReporter -->
<testsuite skipped="0" hostname="DESKTOP-73PJK31" name="com.home.suiteB.TestB1" tests="2" failures="0" timestamp="2020-10-06T22:32:12 IST" time="17.187" errors="0">
  <testcase name="Test_B1" time="17.159" classname="com.home.suiteB.TestB1"/>
  <testcase name="Test_BA1" time="0.028" classname="com.home.suiteB.TestB1"/>
</testsuite> <!-- com.home.suiteB.TestB1 -->
