<?xml version="1.0" encoding="UTF-8"?>
<!-- Generated by org.testng.reporters.JUnitReportReporter -->
<testsuite skipped="0" hostname="DESKTOP-73PJK31" name="com.home.suiteB.TestB1" tests="2" failures="0" timestamp="2020-10-06T22:48:52 IST" time="22.141" errors="0">
  <testcase name="Test_B1" time="22.010" classname="com.home.suiteB.TestB1"/>
  <testcase name="Test_BA1" time="0.131" classname="com.home.suiteB.TestB1"/>
</testsuite> <!-- com.home.suiteB.TestB1 -->
