<?xml version="1.0" encoding="UTF-8"?>
<!-- Generated by org.testng.reporters.JUnitReportReporter -->
<testsuite skipped="0" hostname="DESKTOP-73PJK31" name="com.home.suiteA.TestA1" tests="1" failures="0" timestamp="2020-10-06T22:48:52 IST" time="26.297" errors="0">
  <testcase name="Test_A1" time="26.297" classname="com.home.suiteA.TestA1"/>
</testsuite> <!-- com.home.suiteA.TestA1 -->
