<?xml version="1.0" encoding="UTF-8"?>
<!-- Generated by org.testng.reporters.JUnitReportReporter -->
<testsuite skipped="0" hostname="DESKTOP-73PJK31" name="com.home.suiteA.TestA3" tests="1" failures="0" timestamp="2020-10-03T18:32:39 IST" time="2.048" errors="0">
  <testcase name="Test_A3" time="2.048" classname="com.home.suiteA.TestA3"/>
</testsuite> <!-- com.home.suiteA.TestA3 -->
