<?xml version="1.0" encoding="UTF-8"?>
<!-- Generated by org.testng.reporters.JUnitReportReporter -->
<testsuite skipped="0" hostname="DESKTOP-73PJK31" name="com.home.suiteB.TestB2" tests="1" failures="0" timestamp="2020-10-02T23:48:49 IST" time="2.008" errors="0">
  <testcase name="Test_B2" time="2.008" classname="com.home.suiteB.TestB2"/>
</testsuite> <!-- com.home.suiteB.TestB2 -->
