<?xml version="1.0" encoding="UTF-8"?>
<!-- Generated by org.testng.reporters.JUnitReportReporter -->
<testsuite skipped="0" hostname="DESKTOP-73PJK31" name="com.home.suiteB.TestB3" tests="1" failures="0" timestamp="2020-10-02T23:34:30 IST" time="17.171" errors="0">
  <testcase name="Test_B3" time="17.171" classname="com.home.suiteB.TestB3"/>
</testsuite> <!-- com.home.suiteB.TestB3 -->
