<?xml version="1.0" encoding="UTF-8"?>
<!-- Generated by org.testng.reporters.JUnitReportReporter -->
<testsuite skipped="0" hostname="DESKTOP-73PJK31" name="com.home.TestA" tests="2" failures="0" timestamp="2020-10-28T22:29:02 IST" time="0.023" errors="0">
  <testcase name="TestA1" time="0.022" classname="com.home.TestA"/>
  <testcase name="TestA2" time="0.001" classname="com.home.TestA"/>
</testsuite> <!-- com.home.TestA -->
