<?xml version="1.0" encoding="UTF-8"?>
<!-- Generated by org.testng.reporters.JUnitReportReporter -->
<testsuite skipped="0" hostname="DESKTOP-73PJK31" name="com.home.suiteA.TestA1" tests="1" failures="0" timestamp="2020-10-03T19:14:01 IST" time="11.361" errors="0">
  <testcase name="Test_A1" time="11.361" classname="com.home.suiteA.TestA1"/>
</testsuite> <!-- com.home.suiteA.TestA1 -->
